(12:32:30.913) INFO: [TadState] TAD state init (NONE)
(17:52:15.564) INFO: [TadModel] DSF session ID 0 has started
(17:53:29.494) INFO: [TadModel] DSF session ID 1 has started
(17:53:34.296) INFO: [TadState] TAD state changed from DEBUG_STARTED to DEBUG_INIT_0 (Suspended, USER_REQUEST)
(17:53:37.721) INFO: [TadState] TAD state changed from DEBUG_INIT_0 to DEBUG_INIT_1 (Resumed, USER_REQUEST)
(17:53:37.731) INFO: [TadState] TAD state changed from DEBUG_INIT_1 to DEBUG_SUSPENDED (Suspended, BREAKPOINT)
(17:53:40.448) INFO: [TadState] TAD state changed from DEBUG_SUSPENDED to DEBUG_RESUMED (Resumed, USER_REQUEST)
(17:54:36.494) INFO: [TadModel] DSF session ID 2 has started
(17:54:37.827) INFO: [TadState] TAD state changed from DEBUG_STARTED to DEBUG_INIT_0 (Suspended, SIGNAL)
(17:54:44.931) INFO: [TadState] TAD state changed from NONE to DEBUG_INIT_0 (Suspended, USER_REQUEST)
(17:54:47.882) INFO: [TadState] TAD state changed from DEBUG_INIT_0 to DEBUG_INIT_1 (Resumed, USER_REQUEST)
(17:54:47.892) INFO: [TadState] TAD state changed from DEBUG_INIT_1 to DEBUG_SUSPENDED (Suspended, BREAKPOINT)
(17:54:50.331) INFO: [TadState] TAD state changed from DEBUG_SUSPENDED to DEBUG_RESUMED (Resumed, USER_REQUEST)
(17:55:21.507) INFO: [TadState] TAD state changed from DEBUG_RESUMED to READY (Suspended, BREAKPOINT)
(17:55:22.023) ReadingException: com.freescale.mqx.gdb.tad.model.globalstatus.TadGlobalStatusFactory.isMqxDataValid() at 60.line "readLongVariableSafely(_mqx_kernel_data)"
(17:55:22.023) ERROR: [TadGlobalStatusFactory] Kernel Data NOT valid (pointer: 0x0000)
(17:55:22.024) ERROR: [TadGlobalStatusFactory] MQX data not valid!
(17:55:22.024) INFO: [TadModel$3] Loading of TAD Global Status took 512 ms
(17:55:22.024) INFO: [TadGlobalStatusController] TAD global status data is ready!
(17:55:28.162) INFO: [TadState] TAD state changed from READY to DEBUG_RESUMED (Resumed, USER_REQUEST)
(17:55:28.177) INFO: [TadState] TAD state changed from DEBUG_RESUMED to READY (Suspended, BREAKPOINT)
(17:55:28.694) ReadingException: com.freescale.mqx.gdb.tad.model.globalstatus.TadGlobalStatusFactory.isMqxDataValid() at 60.line "readLongVariableSafely(_mqx_kernel_data)"
(17:55:28.694) ERROR: [TadGlobalStatusFactory] Kernel Data NOT valid (pointer: 0x0000)
(17:55:28.694) ERROR: [TadGlobalStatusFactory] MQX data not valid!
(17:55:28.694) INFO: [TadModel$3] Loading of TAD Global Status took 514 ms
(17:55:28.694) INFO: [TadGlobalStatusController] TAD global status data is ready!
(17:55:40.653) INFO: [TadState] TAD state changed from READY to DEBUG_RESUMED (Resumed, USER_REQUEST)
(17:55:40.679) INFO: [TadState] TAD state changed from DEBUG_RESUMED to READY (Suspended, BREAKPOINT)
(17:55:41.187) ReadingException: com.freescale.mqx.gdb.tad.model.globalstatus.TadGlobalStatusFactory.isMqxDataValid() at 60.line "readLongVariableSafely(_mqx_kernel_data)"
(17:55:41.187) ERROR: [TadGlobalStatusFactory] Kernel Data NOT valid (pointer: 0x0000)
(17:55:41.187) ERROR: [TadGlobalStatusFactory] MQX data not valid!
(17:55:41.187) INFO: [TadModel$3] Loading of TAD Global Status took 505 ms
(17:55:41.187) INFO: [TadGlobalStatusController] TAD global status data is ready!
(17:56:13.032) INFO: [TadState] TAD state changed from READY to DEBUG_RESUMED (Resumed, STEP)
(17:56:13.078) INFO: [TadState] TAD state changed from DEBUG_RESUMED to READY (Suspended, STEP)
(17:56:13.583) ReadingException: com.freescale.mqx.gdb.tad.model.globalstatus.TadGlobalStatusFactory.isMqxDataValid() at 60.line "readLongVariableSafely(_mqx_kernel_data)"
(17:56:13.583) ERROR: [TadGlobalStatusFactory] Kernel Data NOT valid (pointer: 0x0000)
(17:56:13.583) ERROR: [TadGlobalStatusFactory] MQX data not valid!
(17:56:13.583) INFO: [TadModel$3] Loading of TAD Global Status took 501 ms
(17:56:13.583) INFO: [TadGlobalStatusController] TAD global status data is ready!
(17:56:14.357) INFO: [TadState] TAD state changed from READY to DEBUG_RESUMED (Resumed, STEP)
(17:56:14.436) INFO: [TadState] TAD state changed from DEBUG_RESUMED to READY (Suspended, STEP)
(17:56:14.944) ReadingException: com.freescale.mqx.gdb.tad.model.globalstatus.TadGlobalStatusFactory.isMqxDataValid() at 60.line "readLongVariableSafely(_mqx_kernel_data)"
(17:56:14.944) ERROR: [TadGlobalStatusFactory] Kernel Data NOT valid (pointer: 0x0000)
(17:56:14.944) ERROR: [TadGlobalStatusFactory] MQX data not valid!
(17:56:14.944) INFO: [TadModel$3] Loading of TAD Global Status took 505 ms
(17:56:14.944) INFO: [TadGlobalStatusController] TAD global status data is ready!
(17:57:48.563) INFO: [TadState] TAD state changed from READY to DEBUG_RESUMED (Resumed, USER_REQUEST)
(17:57:48.579) INFO: [TadState] TAD state changed from DEBUG_RESUMED to READY (Suspended, BREAKPOINT)
(17:57:49.094) ReadingException: com.freescale.mqx.gdb.tad.model.globalstatus.TadGlobalStatusFactory.isMqxDataValid() at 60.line "readLongVariableSafely(_mqx_kernel_data)"
(17:57:49.094) ERROR: [TadGlobalStatusFactory] Kernel Data NOT valid (pointer: 0x0000)
(17:57:49.094) ERROR: [TadGlobalStatusFactory] MQX data not valid!
(17:57:49.094) INFO: [TadModel$3] Loading of TAD Global Status took 512 ms
(17:57:49.094) INFO: [TadGlobalStatusController] TAD global status data is ready!
(17:57:51.688) INFO: [TadState] TAD state changed from READY to DEBUG_RESUMED (Resumed, USER_REQUEST)
(17:59:03.852) INFO: [TadModel] DSF session ID 3 has started
(17:59:07.132) INFO: [TadState] TAD state changed from DEBUG_STARTED to DEBUG_INIT_0 (Suspended, SIGNAL)
(17:59:11.757) INFO: [TadModel] DSF session ID 2 has ended
(17:59:13.332) INFO: [TadState] TAD state changed from NONE to DEBUG_INIT_0 (Suspended, USER_REQUEST)
(17:59:16.227) INFO: [TadState] TAD state changed from DEBUG_INIT_0 to DEBUG_INIT_1 (Resumed, USER_REQUEST)
(17:59:16.236) INFO: [TadState] TAD state changed from DEBUG_INIT_1 to DEBUG_SUSPENDED (Suspended, BREAKPOINT)
(17:59:20.709) INFO: [TadState] TAD state changed from DEBUG_SUSPENDED to DEBUG_RESUMED (Resumed, USER_REQUEST)
(17:59:53.057) INFO: [TadState] TAD state changed from DEBUG_RESUMED to READY (Suspended, BREAKPOINT)
(17:59:53.562) ReadingException: com.freescale.mqx.gdb.tad.model.globalstatus.TadGlobalStatusFactory.isMqxDataValid() at 60.line "readLongVariableSafely(_mqx_kernel_data)"
(17:59:53.562) ERROR: [TadGlobalStatusFactory] Kernel Data NOT valid (pointer: 0x0000)
(17:59:53.562) ERROR: [TadGlobalStatusFactory] MQX data not valid!
(17:59:53.562) INFO: [TadModel$3] Loading of TAD Global Status took 502 ms
(17:59:53.563) INFO: [TadGlobalStatusController] TAD global status data is ready!
(17:59:54.683) INFO: [TadState] TAD state changed from READY to DEBUG_RESUMED (Resumed, STEP)
(17:59:54.771) INFO: [TadState] TAD state changed from DEBUG_RESUMED to READY (Suspended, STEP)
(17:59:55.281) ReadingException: com.freescale.mqx.gdb.tad.model.globalstatus.TadGlobalStatusFactory.isMqxDataValid() at 60.line "readLongVariableSafely(_mqx_kernel_data)"
(17:59:55.281) ERROR: [TadGlobalStatusFactory] Kernel Data NOT valid (pointer: 0x0000)
(17:59:55.281) ERROR: [TadGlobalStatusFactory] MQX data not valid!
(17:59:55.281) INFO: [TadModel$3] Loading of TAD Global Status took 508 ms
(17:59:55.281) INFO: [TadGlobalStatusController] TAD global status data is ready!
(18:06:15.055) INFO: [TadModel] DSF session ID 4 has started
(18:06:21.667) INFO: [TadModel] DSF session ID 3 has ended
(18:06:23.960) INFO: [TadState] TAD state changed from NONE to DEBUG_INIT_0 (Suspended, USER_REQUEST)
(18:06:26.908) INFO: [TadState] TAD state changed from DEBUG_INIT_0 to DEBUG_INIT_1 (Resumed, USER_REQUEST)
(18:06:26.919) INFO: [TadState] TAD state changed from DEBUG_INIT_1 to DEBUG_SUSPENDED (Suspended, BREAKPOINT)
(18:06:27.814) INFO: [TadState] TAD state changed from DEBUG_SUSPENDED to DEBUG_RESUMED (Resumed, USER_REQUEST)
(18:06:53.787) INFO: [TadModel] DSF session ID 5 has started
(18:06:59.105) INFO: [TadState] TAD state changed from DEBUG_STARTED to DEBUG_INIT_0 (Suspended, SIGNAL)
(18:07:03.011) INFO: [TadModel] DSF session ID 4 has ended
(18:07:04.554) INFO: [TadState] TAD state changed from NONE to DEBUG_INIT_0 (Suspended, USER_REQUEST)
(18:07:07.558) INFO: [TadState] TAD state changed from DEBUG_INIT_0 to DEBUG_INIT_1 (Resumed, USER_REQUEST)
(18:07:07.564) INFO: [TadState] TAD state changed from DEBUG_INIT_1 to DEBUG_SUSPENDED (Suspended, BREAKPOINT)
(18:07:10.950) INFO: [TadState] TAD state changed from DEBUG_SUSPENDED to DEBUG_RESUMED (Resumed, USER_REQUEST)
(18:08:31.832) INFO: [TadModel] DSF session ID 6 has started
(18:08:35.154) INFO: [TadState] TAD state changed from DEBUG_STARTED to DEBUG_INIT_0 (Suspended, SIGNAL)
(18:08:39.046) INFO: [TadModel] DSF session ID 5 has ended
(18:08:40.472) INFO: [TadState] TAD state changed from NONE to DEBUG_INIT_0 (Suspended, USER_REQUEST)
(18:08:43.416) INFO: [TadState] TAD state changed from DEBUG_INIT_0 to DEBUG_INIT_1 (Resumed, USER_REQUEST)
(18:08:43.427) INFO: [TadState] TAD state changed from DEBUG_INIT_1 to DEBUG_SUSPENDED (Suspended, BREAKPOINT)
(18:08:47.300) INFO: [TadState] TAD state changed from DEBUG_SUSPENDED to DEBUG_RESUMED (Resumed, USER_REQUEST)
(18:08:47.351) INFO: [TadState] TAD state changed from DEBUG_RESUMED to READY (Suspended, BREAKPOINT)
(18:08:47.858) ReadingException: com.freescale.mqx.gdb.tad.model.globalstatus.TadGlobalStatusFactory.isMqxDataValid() at 60.line "readLongVariableSafely(_mqx_kernel_data)"
(18:08:47.858) ERROR: [TadGlobalStatusFactory] Kernel Data NOT valid (pointer: 0x0000)
(18:08:47.858) ERROR: [TadGlobalStatusFactory] MQX data not valid!
(18:08:47.858) INFO: [TadModel$3] Loading of TAD Global Status took 505 ms
(18:08:47.858) INFO: [TadGlobalStatusController] TAD global status data is ready!
(18:08:55.154) INFO: [TadState] TAD state changed from READY to DEBUG_RESUMED (Resumed, USER_REQUEST)
(18:09:04.295) INFO: [TadState] TAD state changed from DEBUG_RESUMED to READY (Suspended, SIGNAL)
(18:09:04.813) ReadingException: com.freescale.mqx.gdb.tad.model.globalstatus.TadGlobalStatusFactory.isMqxDataValid() at 60.line "readLongVariableSafely(_mqx_kernel_data)"
(18:09:04.813) ERROR: [TadGlobalStatusFactory] Kernel Data NOT valid (pointer: 0x0000)
(18:09:04.813) ERROR: [TadGlobalStatusFactory] MQX data not valid!
(18:09:04.813) INFO: [TadModel$3] Loading of TAD Global Status took 516 ms
(18:09:04.814) INFO: [TadGlobalStatusController] TAD global status data is ready!
