18:06:09 **** Incremental Build of configuration Debug for project UART_kea128 ****
make -j8 all 
Building file: ../MCAL/src/UART.c
Building file: ../SYS/src/main.c
Executing target #3 ../MCAL/src/UART.c
Executing target #8 ../SYS/src/main.c
Invoking: Standard S32DS C Compiler
arm-none-eabi-gcc "@MCAL/src/UART.args" -MMD -MP -MF"MCAL/src/UART.d" -MT"MCAL/src/UART.o" -o "MCAL/src/UART.o" "../MCAL/src/UART.c"
Invoking: Standard S32DS C Compiler
arm-none-eabi-gcc "@SYS/src/main.args" -MMD -MP -MF"SYS/src/main.d" -MT"SYS/src/main.o" -o "SYS/src/main.o" "../SYS/src/main.c"
../MCAL/src/UART.c: In function 'UART_Init':
../MCAL/src/UART.c:48:14: warning: unused variable 'v_InitSts_u16r' [-Wunused-variable]
     uint16_t v_InitSts_u16r = 0U;
              ^
../MCAL/src/UART.c: In function 'UART_PutChar':
../MCAL/src/UART.c:135:11: warning: unused variable 'v_TxTimeout_u16r' [-Wunused-variable]
  uint16_t v_TxTimeout_u16r = 0U;
           ^
Finished building: ../MCAL/src/UART.c
Finished building: ../SYS/src/main.c
 
 
Building target: UART_kea128.elf
Executing target #9 UART_kea128.elf
Invoking: Standard S32DS C Linker
arm-none-eabi-gcc -o "UART_kea128.elf" "@UART_kea128.args"   
Finished building target: UART_kea128.elf
 
18:06:19 **** Incremental Build of configuration Debug for project UART_kea128 ****
make -j8 all 
make: Nothing to be done for 'all'.
18:06:59 **** Incremental Build of configuration Debug for project UART_kea128 ****
make -j8 all 
Building file: ../SYS/src/SYS_Handler.c
Building file: ../SYS/src/main.c
Executing target #7 ../SYS/src/SYS_Handler.c
Executing target #8 ../SYS/src/main.c
Invoking: Standard S32DS C Compiler
arm-none-eabi-gcc "@SYS/src/SYS_Handler.args" -MMD -MP -MF"SYS/src/SYS_Handler.d" -MT"SYS/src/SYS_Handler.o" -o "SYS/src/SYS_Handler.o" "../SYS/src/SYS_Handler.c"
Invoking: Standard S32DS C Compiler
arm-none-eabi-gcc "@SYS/src/main.args" -MMD -MP -MF"SYS/src/main.d" -MT"SYS/src/main.o" -o "SYS/src/main.o" "../SYS/src/main.c"
Finished building: ../SYS/src/SYS_Handler.c
 
Finished building: ../SYS/src/main.c
 
Building target: UART_kea128.elf
Executing target #9 UART_kea128.elf
Invoking: Standard S32DS C Linker
arm-none-eabi-gcc -o "UART_kea128.elf" "@UART_kea128.args"   
Finished building target: UART_kea128.elf
 
18:08:35 **** Incremental Build of configuration Debug for project UART_kea128 ****
make -j8 all 
Building file: ../MCAL/src/UART.c
Building file: ../SYS/src/main.c
Executing target #3 ../MCAL/src/UART.c
Executing target #8 ../SYS/src/main.c
Invoking: Standard S32DS C Compiler
arm-none-eabi-gcc "@MCAL/src/UART.args" -MMD -MP -MF"MCAL/src/UART.d" -MT"MCAL/src/UART.o" -o "MCAL/src/UART.o" "../MCAL/src/UART.c"
Invoking: Standard S32DS C Compiler
arm-none-eabi-gcc "@SYS/src/main.args" -MMD -MP -MF"SYS/src/main.d" -MT"SYS/src/main.o" -o "SYS/src/main.o" "../SYS/src/main.c"
../MCAL/src/UART.c: In function 'UART_Init':
../MCAL/src/UART.c:48:14: warning: unused variable 'v_InitSts_u16r' [-Wunused-variable]
     uint16_t v_InitSts_u16r = 0U;
              ^
../MCAL/src/UART.c: In function 'UART_PutChar':
../MCAL/src/UART.c:135:11: warning: unused variable 'v_TxTimeout_u16r' [-Wunused-variable]
  uint16_t v_TxTimeout_u16r = 0U;
           ^
Finished building: ../MCAL/src/UART.c
Finished building: ../SYS/src/main.c
 
 
Building target: UART_kea128.elf
Executing target #9 UART_kea128.elf
Invoking: Standard S32DS C Linker
arm-none-eabi-gcc -o "UART_kea128.elf" "@UART_kea128.args"   
Finished building target: UART_kea128.elf
 
